
> webjuice-mvp@0.0.1 pl:places-search-intake
> node --env-file-if-exists=.env.local scripts/cli/pl-places-search-intake.js panel beater Brisbane --limit 2

[pl:places-search-intake] queries=1 · limit=2/q · with_details=true · dry=false
  · query="panel beater Brisbane"
    ✓ batch thread: https://discord.com/channels/1493925728570310756/1504009100655198290
    ✓ Places returned 2 candidates
    ✓ upserted 2 entities
{
  "ok": true,
  "query_count": 1,
  "batch_count": 1,
  "total_leads": 2,
  "batch_id": "places-panel-beater-brisbane-202605131635",
  "thread_id": "1504009100655198290",
  "thread_url": "https://discord.com/channels/1493925728570310756/1504009100655198290",
  "batches": [
    {
      "query": "panel beater Brisbane",
      "batch_id": "places-panel-beater-brisbane-202605131635",
      "thread_id": "1504009100655198290",
      "thread_url": "https://discord.com/channels/1493925728570310756/1504009100655198290",
      "lead_count": 2,
      "lead_keys": [
        "place_chij1chyvdbmkwsrmwnwsnerldy",
        "place_chijaq1hdcrmkwsrjmh902vjk-m"
      ]
    }
  ],
  "duration_ms": 5132
}
