{
  "generated_at": "2026-05-14T18:15:05.657Z",
  "total_invocations_all_time": 19,
  "last_24h": {
    "total_invocations": 19,
    "tier_attempts": {
      "codex_cli": 19
    },
    "tier_failures": {},
    "tier_failure_rate": {
      "codex_cli": 0
    },
    "final_providers": {
      "codex_cli": 19
    }
  },
  "last_7d": {
    "total_invocations": 19,
    "tier_attempts": {
      "codex_cli": 19
    },
    "tier_failures": {},
    "tier_failure_rate": {
      "codex_cli": 0
    },
    "final_providers": {
      "codex_cli": 19
    }
  },
  "alerts": [],
  "alert_count": 0
}
