
> webjuice-mvp@0.0.1 pl:task-listener
> node --env-file=.env.local scripts/cli/pl-task-listener.js

[2026-05-14T05:44:50.295Z] logged in as ProfitsLocal Handoff#5263 · listening forum 1503702990761099419
[2026-05-14T05:44:50.296Z] boot catch-up: scanning active forum threads…
[2026-05-14T05:44:51.140Z] catch-up: backfilling thread 1504357996015386654 lead
[2026-05-14T05:44:51.573Z] routing thread 1504357996015386654 · Roof & Gutter Experts – Wollongong & Surrounds | Free Quotes 
[2026-05-14T05:45:03.897Z] route → kind=single-enrich provider=codex_cli cli=pl:single-enrich conf=0.95
[2026-05-14T05:45:04.662Z] task 20260514-054503-378a91 created · status= pending
[2026-05-14T05:45:04.671Z] catch-up: backfilling thread 1503876961435390022 🧪 listener test · single GBP URL
[2026-05-14T05:45:04.999Z] skip: starter authored by bot 1503876961435390022 ProfitsLocal Handoff
[2026-05-14T05:45:05.002Z] catch-up: backfilling thread 1503876947099254824 🧪 listener test · single name+phone
[2026-05-14T05:45:05.356Z] skip: starter authored by bot 1503876947099254824 ProfitsLocal Handoff
[2026-05-14T05:45:05.361Z] catch-up: backfilling thread 1503876932067131594 🧪 listener test · multi-query places
[2026-05-14T05:45:05.714Z] skip: starter authored by bot 1503876932067131594 ProfitsLocal Handoff
[2026-05-14T05:45:05.719Z] catch-up: backfilling thread 1503876917483274310 🧪 listener test · find sydney plumbers
[2026-05-14T05:45:06.039Z] skip: starter authored by bot 1503876917483274310 ProfitsLocal Handoff
[2026-05-14T05:45:06.043Z] catch-up: backfilling thread 1503874300690825359 🧪 SOP-1 变体覆盖 · 2026-05-12-21-39
[2026-05-14T05:45:06.461Z] skip: starter authored by bot 1503874300690825359 ProfitsLocal Handoff
[2026-05-14T05:45:06.471Z] catch-up: backfilling thread 1503871766991208488 🧪 SOP-1 live demo · 2026-05-12-21-29
[2026-05-14T05:45:06.809Z] skip: starter authored by bot 1503871766991208488 ProfitsLocal Handoff
[2026-05-14T05:45:06.821Z] catch-up: backfilling thread 1503831075678453770 find roofer in redland brisbane
[2026-05-14T05:45:07.190Z] routing thread 1503831075678453770 · find roofer in redland brisbane 
[2026-05-14T05:45:25.389Z] route → kind=intake provider=codex_cli cli=pl:scrape-docker conf=0.94
[2026-05-14T05:45:26.155Z] task 20260514-054525-3c9f7d created · status= pending
[2026-05-14T05:45:26.168Z] catch-up: backfilling thread 1503742230933012550 新客户
[2026-05-14T05:45:26.596Z] routing thread 1503742230933012550 · 新客户 · 1 attachment(s)
[2026-05-14T05:45:35.122Z] route → kind=image-extract provider=codex_cli cli=pl:ingest-image conf=0.99
[2026-05-14T05:46:21.833Z] SIGTERM · disconnecting
